\BOOKMARK [0][-]{chapter*.1}{Preface}{}% 1
\BOOKMARK [0][-]{chapter*.3}{Abstract}{}% 2
\BOOKMARK [0][-]{chapter*.4}{Abstract}{}% 3
\BOOKMARK [0][-]{chapter*.5}{List of Figures and Tables}{}% 4
\BOOKMARK [0][-]{chapter*.10}{List of Abbreviations and Symbols}{}% 5
\BOOKMARK [0][-]{chapter.1}{Introduction}{}% 6
\BOOKMARK [1][-]{section.1.1}{Lorem Ipsum 4\2055}{chapter.1}% 7
\BOOKMARK [1][-]{section.1.2}{Lorem Ipsum 6\2057}{chapter.1}% 8
\BOOKMARK [0][-]{chapter.2}{Basic data analysis}{}% 9
\BOOKMARK [1][-]{section.2.1}{Introduction to dataset}{chapter.2}% 10
\BOOKMARK [1][-]{section.2.2}{Preprocessing}{chapter.2}% 11
\BOOKMARK [1][-]{section.2.3}{Basic analysis}{chapter.2}% 12
\BOOKMARK [1][-]{section.2.4}{ARIMA}{chapter.2}% 13
\BOOKMARK [1][-]{section.2.5}{Conclusion}{chapter.2}% 14
\BOOKMARK [0][-]{chapter.3}{Clustering of the load profiles}{}% 15
\BOOKMARK [1][-]{section.3.1}{The First Topic of this Chapter}{chapter.3}% 16
\BOOKMARK [1][-]{section.3.2}{Tables}{chapter.3}% 17
\BOOKMARK [1][-]{section.3.3}{Conclusion}{chapter.3}% 18
\BOOKMARK [0][-]{chapter.4}{State of the art forecasting techniques}{}% 19
\BOOKMARK [1][-]{section.4.1}{The First Topic of this Chapter}{chapter.4}% 20
\BOOKMARK [1][-]{section.4.2}{The Second Topic}{chapter.4}% 21
\BOOKMARK [1][-]{section.4.3}{Conclusion}{chapter.4}% 22
\BOOKMARK [0][-]{chapter.5}{Forecasting of time-series}{}% 23
\BOOKMARK [1][-]{section.5.1}{The First Topic of this Chapter}{chapter.5}% 24
\BOOKMARK [1][-]{section.5.2}{The Second Topic}{chapter.5}% 25
\BOOKMARK [1][-]{section.5.3}{Conclusion}{chapter.5}% 26
\BOOKMARK [0][-]{chapter.6}{Evaluating results}{}% 27
\BOOKMARK [1][-]{section.6.1}{The First Topic of this Chapter}{chapter.6}% 28
\BOOKMARK [1][-]{section.6.2}{The Second Topic}{chapter.6}% 29
\BOOKMARK [1][-]{section.6.3}{Conclusion}{chapter.6}% 30
\BOOKMARK [0][-]{chapter.7}{Conclusion}{}% 31
\BOOKMARK [0][-]{appendix.A}{Introduction to the dataset}{}% 32
\BOOKMARK [1][-]{section.A.1}{Introduction to the dataset}{appendix.A}% 33
\BOOKMARK [1][-]{section.A.2}{Missing values}{appendix.A}% 34
\BOOKMARK [1][-]{section.A.3}{Untraditional behaviour of the measurements}{appendix.A}% 35
\BOOKMARK [0][-]{appendix.B}{The Last Appendix}{}% 36
\BOOKMARK [1][-]{section.B.1}{Lorem 20-24}{appendix.B}% 37
\BOOKMARK [1][-]{section.B.2}{Lorem 25-27}{appendix.B}% 38
\BOOKMARK [0][-]{appendix*.30}{Bibliography}{}% 39
