\BOOKMARK [0][-]{chapter*.1}{Preface}{}% 1
\BOOKMARK [0][-]{chapter*.3}{Abstract}{}% 2
\BOOKMARK [0][-]{chapter*.4}{List of Figures and Tables}{}% 3
\BOOKMARK [0][-]{chapter*.9}{List of Abbreviations and Symbols}{}% 4
\BOOKMARK [0][-]{chapter.1}{Introduction}{}% 5
\BOOKMARK [1][-]{section.1.1}{Lorem Ipsum 4\2055}{chapter.1}% 6
\BOOKMARK [1][-]{section.1.2}{Lorem Ipsum 6\2057}{chapter.1}% 7
\BOOKMARK [0][-]{chapter.2}{Basic data analysis}{}% 8
\BOOKMARK [1][-]{section.2.1}{Introduction to dataset}{chapter.2}% 9
\BOOKMARK [1][-]{section.2.2}{Missing data}{chapter.2}% 10
\BOOKMARK [1][-]{section.2.3}{Seasonality}{chapter.2}% 11
\BOOKMARK [1][-]{section.2.4}{Influence of temperature}{chapter.2}% 12
\BOOKMARK [1][-]{section.2.5}{Influence of household data}{chapter.2}% 13
\BOOKMARK [1][-]{section.2.6}{Comparing weekdays with weekends}{chapter.2}% 14
\BOOKMARK [1][-]{section.2.7}{Impact of holidays}{chapter.2}% 15
\BOOKMARK [1][-]{section.2.8}{ARIMA}{chapter.2}% 16
\BOOKMARK [1][-]{section.2.9}{Conclusion}{chapter.2}% 17
\BOOKMARK [0][-]{chapter.3}{Clustering of the load profiles}{}% 18
\BOOKMARK [1][-]{section.3.1}{The First Topic of this Chapter}{chapter.3}% 19
\BOOKMARK [1][-]{section.3.2}{Figures}{chapter.3}% 20
\BOOKMARK [1][-]{section.3.3}{Tables}{chapter.3}% 21
\BOOKMARK [1][-]{section.3.4}{Lorem Ipsum}{chapter.3}% 22
\BOOKMARK [1][-]{section.3.5}{Conclusion}{chapter.3}% 23
\BOOKMARK [0][-]{chapter.4}{Conclusion}{}% 24
\BOOKMARK [0][-]{appendix.A}{The First Appendix}{}% 25
\BOOKMARK [1][-]{section.A.1}{More Lorem}{appendix.A}% 26
\BOOKMARK [1][-]{section.A.2}{Lorem 51}{appendix.A}% 27
\BOOKMARK [0][-]{appendix.B}{The Last Appendix}{}% 28
\BOOKMARK [1][-]{section.B.1}{Lorem 20-24}{appendix.B}% 29
\BOOKMARK [1][-]{section.B.2}{Lorem 25-27}{appendix.B}% 30
\BOOKMARK [0][-]{appendix*.12}{Bibliography}{}% 31
